# JRE version: OpenJDK Runtime Environment (11.0.4+11) (build 11.0.4+11-post-Ubuntu-1ubuntu218.04.3)
# Java VM: OpenJDK 64-Bit Server VM (11.0.4+11-post-Ubuntu-1ubuntu218.04.3, mixed mode, sharing, tiered, compressed oops, g1 gc, linux-amd64)
Heap:
 garbage-first heap   total 631808K, used 218249K [0x0000000707000000, 0x0000000800000000)
  region size 1024K, 204 young (208896K), 1 survivors (1024K)
 Metaspace       used 11124K, capacity 11644K, committed 11904K, reserved 1058816K
  class space    used 1316K, capacity 1591K, committed 1664K, reserved 1048576K
GC Heap History (10 events):
Event: 2.605 GC heap before
{Heap before GC invocations=21 (full 0):
 garbage-first heap   total 631808K, used 389258K [0x0000000707000000, 0x0000000800000000)
  region size 1024K, 370 young (378880K), 1 survivors (1024K)
 Metaspace       used 11124K, capacity 11644K, committed 11904K, reserved 1058816K
  class space    used 1316K, capacity 1591K, committed 1664K, reserved 1048576K
}
Event: 2.606 GC heap after
{Heap after GC invocations=22 (full 0):
 garbage-first heap   total 631808K, used 11401K [0x0000000707000000, 0x0000000800000000)
  region size 1024K, 1 young (1024K), 1 survivors (1024K)
 Metaspace       used 11124K, capacity 11644K, committed 11904K, reserved 1058816K
  class space    used 1316K, capacity 1591K, committed 1664K, reserved 1048576K
}
Event: 2.746 GC heap before
{Heap before GC invocations=22 (full 0):
 garbage-first heap   total 631808K, used 389257K [0x0000000707000000, 0x0000000800000000)
  region size 1024K, 370 young (378880K), 1 survivors (1024K)
 Metaspace       used 11124K, capacity 11644K, committed 11904K, reserved 1058816K
  class space    used 1316K, capacity 1591K, committed 1664K, reserved 1048576K
}
Event: 2.747 GC heap after
{Heap after GC invocations=23 (full 0):
 garbage-first heap   total 631808K, used 11401K [0x0000000707000000, 0x0000000800000000)
  region size 1024K, 1 young (1024K), 1 survivors (1024K)
 Metaspace       used 11124K, capacity 11644K, committed 11904K, reserved 1058816K
  class space    used 1316K, capacity 1591K, committed 1664K, reserved 1048576K
}
Event: 2.886 GC heap before
{Heap before GC invocations=23 (full 0):
 garbage-first heap   total 631808K, used 389257K [0x0000000707000000, 0x0000000800000000)
  region size 1024K, 370 young (378880K), 1 survivors (1024K)
 Metaspace       used 11124K, capacity 11644K, committed 11904K, reserved 1058816K
  class space    used 1316K, capacity 1591K, committed 1664K, reserved 1048576K
}
Event: 2.888 GC heap after
{Heap after GC invocations=24 (full 0):
 garbage-first heap   total 631808K, used 11401K [0x0000000707000000, 0x0000000800000000)
  region size 1024K, 1 young (1024K), 1 survivors (1024K)
 Metaspace       used 11124K, capacity 11644K, committed 11904K, reserved 1058816K
  class space    used 1316K, capacity 1591K, committed 1664K, reserved 1048576K
}
Event: 3.027 GC heap before
{Heap before GC invocations=24 (full 0):
 garbage-first heap   total 631808K, used 389257K [0x0000000707000000, 0x0000000800000000)
  region size 1024K, 370 young (378880K), 1 survivors (1024K)
 Metaspace       used 11124K, capacity 11644K, committed 11904K, reserved 1058816K
  class space    used 1316K, capacity 1591K, committed 1664K, reserved 1048576K
}
Event: 3.027 GC heap after
{Heap after GC invocations=25 (full 0):
 garbage-first heap   total 631808K, used 11402K [0x0000000707000000, 0x0000000800000000)
  region size 1024K, 1 young (1024K), 1 survivors (1024K)
 Metaspace       used 11124K, capacity 11644K, committed 11904K, reserved 1058816K
  class space    used 1316K, capacity 1591K, committed 1664K, reserved 1048576K
}
Event: 3.167 GC heap before
{Heap before GC invocations=25 (full 0):
 garbage-first heap   total 631808K, used 389258K [0x0000000707000000, 0x0000000800000000)
  region size 1024K, 370 young (378880K), 1 survivors (1024K)
 Metaspace       used 11124K, capacity 11644K, committed 11904K, reserved 1058816K
  class space    used 1316K, capacity 1591K, committed 1664K, reserved 1048576K
}
Event: 3.168 GC heap after
{Heap after GC invocations=26 (full 0):
 garbage-first heap   total 631808K, used 11401K [0x0000000707000000, 0x0000000800000000)
  region size 1024K, 1 young (1024K), 1 survivors (1024K)
 Metaspace       used 11124K, capacity 11644K, committed 11904K, reserved 1058816K
  class space    used 1316K, capacity 1591K, committed 1664K, reserved 1048576K
}

