# JRE version: OpenJDK Runtime Environment (11.0.4+11) (build 11.0.4+11-post-Ubuntu-1ubuntu218.04.3)
# Java VM: OpenJDK 64-Bit Server VM (11.0.4+11-post-Ubuntu-1ubuntu218.04.3, mixed mode, sharing, tiered, compressed oops, g1 gc, linux-amd64)
Heap:
 garbage-first heap   total 630784K, used 200858K [0x0000000707000000, 0x0000000800000000)
  region size 1024K, 187 young (191488K), 1 survivors (1024K)
 Metaspace       used 11131K, capacity 11612K, committed 11904K, reserved 1058816K
  class space    used 1313K, capacity 1559K, committed 1664K, reserved 1048576K
GC Heap History (10 events):
Event: 2.579 GC heap before
{Heap before GC invocations=21 (full 0):
 garbage-first heap   total 630784K, used 388250K [0x0000000707000000, 0x0000000800000000)
  region size 1024K, 369 young (377856K), 1 survivors (1024K)
 Metaspace       used 11131K, capacity 11612K, committed 11904K, reserved 1058816K
  class space    used 1313K, capacity 1559K, committed 1664K, reserved 1048576K
}
Event: 2.580 GC heap after
{Heap after GC invocations=22 (full 0):
 garbage-first heap   total 630784K, used 11418K [0x0000000707000000, 0x0000000800000000)
  region size 1024K, 1 young (1024K), 1 survivors (1024K)
 Metaspace       used 11131K, capacity 11612K, committed 11904K, reserved 1058816K
  class space    used 1313K, capacity 1559K, committed 1664K, reserved 1048576K
}
Event: 2.720 GC heap before
{Heap before GC invocations=22 (full 0):
 garbage-first heap   total 630784K, used 388250K [0x0000000707000000, 0x0000000800000000)
  region size 1024K, 369 young (377856K), 1 survivors (1024K)
 Metaspace       used 11131K, capacity 11612K, committed 11904K, reserved 1058816K
  class space    used 1313K, capacity 1559K, committed 1664K, reserved 1048576K
}
Event: 2.721 GC heap after
{Heap after GC invocations=23 (full 0):
 garbage-first heap   total 630784K, used 11418K [0x0000000707000000, 0x0000000800000000)
  region size 1024K, 1 young (1024K), 1 survivors (1024K)
 Metaspace       used 11131K, capacity 11612K, committed 11904K, reserved 1058816K
  class space    used 1313K, capacity 1559K, committed 1664K, reserved 1048576K
}
Event: 2.862 GC heap before
{Heap before GC invocations=23 (full 0):
 garbage-first heap   total 630784K, used 388250K [0x0000000707000000, 0x0000000800000000)
  region size 1024K, 369 young (377856K), 1 survivors (1024K)
 Metaspace       used 11131K, capacity 11612K, committed 11904K, reserved 1058816K
  class space    used 1313K, capacity 1559K, committed 1664K, reserved 1048576K
}
Event: 2.864 GC heap after
{Heap after GC invocations=24 (full 0):
 garbage-first heap   total 630784K, used 11414K [0x0000000707000000, 0x0000000800000000)
  region size 1024K, 1 young (1024K), 1 survivors (1024K)
 Metaspace       used 11131K, capacity 11612K, committed 11904K, reserved 1058816K
  class space    used 1313K, capacity 1559K, committed 1664K, reserved 1048576K
}
Event: 3.003 GC heap before
{Heap before GC invocations=24 (full 0):
 garbage-first heap   total 630784K, used 388246K [0x0000000707000000, 0x0000000800000000)
  region size 1024K, 369 young (377856K), 1 survivors (1024K)
 Metaspace       used 11131K, capacity 11612K, committed 11904K, reserved 1058816K
  class space    used 1313K, capacity 1559K, committed 1664K, reserved 1048576K
}
Event: 3.003 GC heap after
{Heap after GC invocations=25 (full 0):
 garbage-first heap   total 630784K, used 11420K [0x0000000707000000, 0x0000000800000000)
  region size 1024K, 1 young (1024K), 1 survivors (1024K)
 Metaspace       used 11131K, capacity 11612K, committed 11904K, reserved 1058816K
  class space    used 1313K, capacity 1559K, committed 1664K, reserved 1048576K
}
Event: 3.142 GC heap before
{Heap before GC invocations=25 (full 0):
 garbage-first heap   total 630784K, used 388252K [0x0000000707000000, 0x0000000800000000)
  region size 1024K, 369 young (377856K), 1 survivors (1024K)
 Metaspace       used 11131K, capacity 11612K, committed 11904K, reserved 1058816K
  class space    used 1313K, capacity 1559K, committed 1664K, reserved 1048576K
}
Event: 3.142 GC heap after
{Heap after GC invocations=26 (full 0):
 garbage-first heap   total 630784K, used 11418K [0x0000000707000000, 0x0000000800000000)
  region size 1024K, 1 young (1024K), 1 survivors (1024K)
 Metaspace       used 11131K, capacity 11612K, committed 11904K, reserved 1058816K
  class space    used 1313K, capacity 1559K, committed 1664K, reserved 1048576K
}

